#
# A fatal error has been detected by the Java Runtime Environment:
#
#  Internal Error (javaClasses.cpp:136), pid=4156, tid=4308
#  fatal error: Invalid layout of preloaded class
#
# JRE version:  (7.0_60-b19) (build )
# Java VM: Java HotSpot(TM) 64-Bit Server VM (24.60-b09 mixed mode windows-amd64 compressed oops)
# Failed to write core dump. Minidumps are not enabled by default on client versions of Windows
#
# If you would like to submit a bug report, please visit:
#   http://bugreport.sun.com/bugreport/crash.jsp
#

---------------  T H R E A D  ---------------

Current thread (0x0000000002a60800):  JavaThread "Unknown thread" [_thread_in_vm, id=4308, stack(0x0000000002960000,0x0000000002a60000)]

Stack: [0x0000000002960000,0x0000000002a60000]
[error occurred during error reporting (printing stack bounds), id 0xc0000005]


---------------  P R O C E S S  ---------------

Java Threads: ( => current thread )

Other Threads:

=>0x0000000002a60800 (exited) JavaThread "Unknown thread" [_thread_in_vm, id=4308, stack(0x0000000002960000,0x0000000002a60000)]

VM state:not at safepoint (not fully initialized)

VM Mutex/Monitor currently owned by a thread: None

GC Heap History (0 events):
No events

Deoptimization events (0 events):
No events

Internal exceptions (0 events):
No events

Events (10 events):
Event: 0.054 loading class 0x0000000002aa4880 done
Event: 0.055 loading class 0x0000000002aa42a0 done
Event: 0.055 loading class 0x0000000002aa4280
Event: 0.056 loading class 0x0000000002aac3d0
Event: 0.056 loading class 0x0000000002aac3d0 done
Event: 0.056 loading class 0x0000000002aac400
Event: 0.057 loading class 0x0000000002aac400 done
Event: 0.057 loading class 0x0000000002aac430
Event: 0.057 loading class 0x0000000002aac430 done
Event: 0.058 loading class 0x0000000002aa4280 done


Dynamic libraries:
0x00007ff7d5cf0000 - 0x00007ff7d5d23000 	C:\Program Files\Java\jre7\bin\javaw.exe
0x00007ff877b10000 - 0x00007ff877cba000 	C:\WINDOWS\SYSTEM32\ntdll.dll
0x00007ff877970000 - 0x00007ff877aaa000 	C:\WINDOWS\system32\KERNEL32.DLL
0x00007ff874fa0000 - 0x00007ff8750af000 	C:\WINDOWS\system32\KERNELBASE.dll
0x00007ff873870000 - 0x00007ff8738f8000 	C:\WINDOWS\system32\apphelp.dll
0x00007ff86aa10000 - 0x00007ff86aa5f000 	C:\WINDOWS\AppPatch\AppPatch64\AcGenral.DLL
0x00007ff875590000 - 0x00007ff875637000 	C:\WINDOWS\system32\msvcrt.dll
0x00007ff874cc0000 - 0x00007ff874ceb000 	C:\WINDOWS\SYSTEM32\SspiCli.dll
0x00007ff875450000 - 0x00007ff8754a1000 	C:\WINDOWS\system32\SHLWAPI.dll
0x00007ff876e60000 - 0x00007ff876fd1000 	C:\WINDOWS\system32\USER32.dll
0x00007ff876ff0000 - 0x00007ff877168000 	C:\WINDOWS\system32\ole32.dll
0x00007ff8756a0000 - 0x00007ff876ac0000 	C:\WINDOWS\system32\SHELL32.dll
0x00007ff8747a0000 - 0x00007ff8747be000 	C:\WINDOWS\SYSTEM32\USERENV.dll
0x00007ff8754d0000 - 0x00007ff875575000 	C:\WINDOWS\system32\ADVAPI32.dll
0x00007ff8691c0000 - 0x00007ff8691db000 	C:\WINDOWS\SYSTEM32\MPR.dll
0x00007ff8776f0000 - 0x00007ff877826000 	C:\WINDOWS\system32\RPCRT4.dll
0x00007ff8774b0000 - 0x00007ff877507000 	C:\WINDOWS\SYSTEM32\sechost.dll
0x00007ff877170000 - 0x00007ff877346000 	C:\WINDOWS\SYSTEM32\combase.dll
0x00007ff876c70000 - 0x00007ff876db4000 	C:\WINDOWS\system32\GDI32.dll
0x00007ff874e80000 - 0x00007ff874e94000 	C:\WINDOWS\SYSTEM32\profapi.dll
0x00007ff871b00000 - 0x00007ff871b9f000 	C:\WINDOWS\SYSTEM32\SHCORE.dll
0x00007ff877410000 - 0x00007ff877444000 	C:\WINDOWS\system32\IMM32.DLL
0x00007ff877830000 - 0x00007ff877969000 	C:\WINDOWS\system32\MSCTF.dll
0x00007ff871210000 - 0x00007ff87146a000 	C:\WINDOWS\WinSxS\amd64_microsoft.windows.common-controls_6595b64144ccf1df_6.0.9600.17031_none_6242a4b3ecbb55a1\COMCTL32.dll
0x0000000069140000 - 0x0000000069212000 	C:\Program Files\Java\jre7\bin\msvcr100.dll
0x0000000068960000 - 0x0000000069132000 	C:\Program Files\Java\jre7\bin\server\jvm.dll
0x00007ff86f580000 - 0x00007ff86f589000 	C:\WINDOWS\SYSTEM32\WSOCK32.dll
0x00007ff86c6c0000 - 0x00007ff86c6df000 	C:\WINDOWS\SYSTEM32\WINMM.dll
0x00007ff877400000 - 0x00007ff877407000 	C:\WINDOWS\system32\PSAPI.DLL
0x00007ff877ab0000 - 0x00007ff877b08000 	C:\WINDOWS\system32\WS2_32.dll
0x00007ff86c4a0000 - 0x00007ff86c4ca000 	C:\WINDOWS\SYSTEM32\WINMMBASE.dll
0x00007ff875580000 - 0x00007ff875589000 	C:\WINDOWS\system32\NSI.dll
0x00007ff874f50000 - 0x00007ff874f9a000 	C:\WINDOWS\SYSTEM32\cfgmgr32.dll
0x00007ff873d30000 - 0x00007ff873d56000 	C:\WINDOWS\SYSTEM32\DEVOBJ.dll
0x0000000068950000 - 0x000000006895f000 	C:\Program Files\Java\jre7\bin\verify.dll
0x0000000068920000 - 0x0000000068948000 	C:\Program Files\Java\jre7\bin\java.dll
0x0000000068900000 - 0x0000000068915000 	C:\Program Files\Java\jre7\bin\zip.dll

VM Arguments:
jvm_args: -Dfile.encoding=Cp1252 -Xbootclasspath:C:\Eclipse\adt-bundle-windows-x86_64-20140321\sdk\platforms\android-19\android.jar 
java_command: com.example.trini_hangman.SplitTest
Launcher Type: SUN_STANDARD

Environment Variables:
PATH=C:\app\sarah_000\product\11.2.0\dbhome_1\bin;C:\WINDOWS\system32;C:\WINDOWS;C:\WINDOWS\System32\Wbem;C:\WINDOWS\System32\WindowsPowerShell\v1.0\
USERNAME=sarah_000
OS=Windows_NT
PROCESSOR_IDENTIFIER=Intel64 Family 6 Model 58 Stepping 9, GenuineIntel



---------------  S Y S T E M  ---------------

OS: Windows 8.1 , 64 bit Build 9600 

CPU:total 4 (2 cores per cpu, 2 threads per core) family 6 model 58 stepping 9, cmov, cx8, fxsr, mmx, sse, sse2, sse3, ssse3, sse4.1, sse4.2, popcnt, avx, aes, erms, ht, tsc, tscinvbit, tscinv

Memory: 4k page, physical 4075224k(433736k free), swap 9318104k(3370552k free)

vm_info: Java HotSpot(TM) 64-Bit Server VM (24.60-b09) for windows-amd64 JRE (1.7.0_60-b19), built on May  7 2014 12:55:18 by "java_re" with unknown MS VC++:1600

time: Wed Jul 09 22:31:43 2014
elapsed time: 0 seconds

